2020-03-22T12:09:43: ********************************************************************************
2020-03-22T12:09:43: *                                   csresspec                                  *
2020-03-22T12:09:43: * ---------------------------------------------------------------------------- *
2020-03-22T12:09:43: * Version: 1.6.3                                                               *
2020-03-22T12:09:43: ********************************************************************************
2020-03-22T12:09:47: +============+
2020-03-22T12:09:47: | Parameters |
2020-03-22T12:09:47: +============+
2020-03-22T12:09:47:  inobs .....................: /Users/adam/Project/CTA/Phys/Outputs/KESACCO_binned_stack/Ana_Countscube.fits
2020-03-22T12:09:47:  inmodel ...................: /Users/adam/Project/CTA/Phys/Outputs/KESACCO_binned_stack/Ana_Model_Output.xml
2020-03-22T12:09:47:  modcube ...................: /Users/adam/Project/CTA/Phys/Outputs/KESACCO_binned_stack/Ana_Model_Cube.fits
2020-03-22T12:09:47:  expcube ...................: /Users/adam/Project/CTA/Phys/Outputs/KESACCO_binned_stack/Ana_Expcube.fits
2020-03-22T12:09:47:  psfcube ...................: /Users/adam/Project/CTA/Phys/Outputs/KESACCO_binned_stack/Ana_Psfcube.fits
2020-03-22T12:09:47:  edispcube .................: [not queried]
2020-03-22T12:09:47:  bkgcube ...................: /Users/adam/Project/CTA/Phys/Outputs/KESACCO_binned_stack/Ana_Bkgcube.fits
2020-03-22T12:09:47:  caldb .....................: [not queried]
2020-03-22T12:09:47:  irf .......................: [not queried]
2020-03-22T12:09:47:  edisp .....................: no
2020-03-22T12:09:47:  outfile ...................: /Users/adam/Project/CTA/Phys/Outputs/KESACCO_binned_stack/Ana_Spectrum_Residual.fits
2020-03-22T12:09:47:  statistic .................: DEFAULT
2020-03-22T12:09:47:  components ................: yes
2020-03-22T12:09:47:  ebinalg ...................: LOG
2020-03-22T12:09:47:  emin ......................: 0.05
2020-03-22T12:09:47:  emax ......................: 100
2020-03-22T12:09:47:  enumbins ..................: 10
2020-03-22T12:09:47:  ebinfile ..................: NONE
2020-03-22T12:09:47:  stack .....................: yes
2020-03-22T12:09:47:  coordsys ..................: CEL
2020-03-22T12:09:47:  proj ......................: TAN
2020-03-22T12:09:47:  xref ......................: 49.9466666666667
2020-03-22T12:09:47:  yref ......................: 41.5130555555556
2020-03-22T12:09:47:  nxpix .....................: 201
2020-03-22T12:09:47:  nypix .....................: 201
2020-03-22T12:09:47:  binsz .....................: 0.01
2020-03-22T12:09:47:  mask ......................: no
2020-03-22T12:09:47:  ra ........................: 49.9466666666667
2020-03-22T12:09:47:  dec .......................: 41.5130555555556
2020-03-22T12:09:47:  rad .......................: 0.973853085549094
2020-03-22T12:09:47:  regfile ...................: NONE
2020-03-22T12:09:47:  algorithm .................: SIGNIFICANCE
2020-03-22T12:09:47:  publish ...................: no
2020-03-22T12:09:47:  chatter ...................: 2
2020-03-22T12:09:47:  clobber ...................: yes
2020-03-22T12:09:47:  debug .....................: no
2020-03-22T12:09:47:  mode ......................: ql
2020-03-22T12:09:47:  logfile ...................: csresspec.log
2020-03-22T12:09:47: 
2020-03-22T12:09:47: WARNING: Energy dispersion will *NOT* be considered for the computation. To consider
2020-03-22T12:09:47:          energy dispersion, please set the "edisp" parameter to "yes". Be aware that
2020-03-22T12:09:47:          using energy dispersion will considerably slow down the computations.
2020-03-22T12:09:47: 
2020-03-22T12:09:47: +====================+
2020-03-22T12:09:47: | Observation census |
2020-03-22T12:09:47: +====================+
2020-03-22T12:09:47:  Unbinned CTA observations .: 0
2020-03-22T12:09:47:  Binned CTA observations ...: 1
2020-03-22T12:09:47:  On/off CTA observations ...: 0
2020-03-22T12:09:47:  Other observations ........: 0
2020-03-22T12:09:47: 
2020-03-22T12:09:47: +=============+
2020-03-22T12:09:47: | Observation |
2020-03-22T12:09:47: +=============+
2020-03-22T12:09:47: === GObservations ===
2020-03-22T12:09:47:  Number of observations ....: 1
2020-03-22T12:09:47:  Number of models ..........: 4
2020-03-22T12:09:47:  Number of observed events .: 166585
2020-03-22T12:09:47:  Number of predicted events : 0
2020-03-22T12:09:47: 
2020-03-22T12:09:47: +=========================+
2020-03-22T12:09:47: | Processing Observations |
2020-03-22T12:09:47: +=========================+
2020-03-22T12:09:48: Computing model cube
2020-03-22T12:16:33: Computing counts, model, and residual spectra
2020-03-22T12:16:33:  Computing model component .: Perseus
2020-03-22T12:16:34:  Computing model component .: NGC1275
2020-03-22T12:16:34:  Computing model component .: IC310
2020-03-22T12:16:35:  Computing model component .: BackgroundModel
2020-03-22T12:16:36: Filling residual table
2020-03-22T12:16:36: 
2020-03-22T12:16:36: +================+
2020-03-22T12:16:36: | Save residuals |
2020-03-22T12:16:36: +================+
2020-03-22T12:16:36:  Residuals file ............: /Users/adam/Project/CTA/Phys/Outputs/KESACCO_binned_stack/Ana_Spectrum_Residual.fits
2020-03-22T12:16:36: 
2020-03-22T12:16:36: Application "csresspec" terminated after 413 wall clock seconds, consuming 411.774 seconds of CPU time.
