2020-03-18T20:18:04: ********************************************************************************
2020-03-18T20:18:04: *                                    csspec                                    *
2020-03-18T20:18:04: * ---------------------------------------------------------------------------- *
2020-03-18T20:18:04: * Version: 1.6.3                                                               *
2020-03-18T20:18:04: ********************************************************************************
2020-03-18T20:18:14: +============+
2020-03-18T20:18:14: | Parameters |
2020-03-18T20:18:14: +============+
2020-03-18T20:18:14:  inobs .....................: /Users/adam/Project/CTA/Phys/Outputs/KESACCO/Ana_Countscube.fits
2020-03-18T20:18:14:  inmodel ...................: /Users/adam/Project/CTA/Phys/Outputs/KESACCO/Ana_Model_Input_Stack.xml
2020-03-18T20:18:14:  srcname ...................: IC310
2020-03-18T20:18:14:  expcube ...................: /Users/adam/Project/CTA/Phys/Outputs/KESACCO/Ana_Expcube.fits
2020-03-18T20:18:14:  psfcube ...................: /Users/adam/Project/CTA/Phys/Outputs/KESACCO/Ana_Psfcube.fits
2020-03-18T20:18:14:  edispcube .................: [not queried]
2020-03-18T20:18:14:  bkgcube ...................: /Users/adam/Project/CTA/Phys/Outputs/KESACCO/Ana_Bkgcube.fits
2020-03-18T20:18:14:  caldb .....................: [not queried]
2020-03-18T20:18:14:  irf .......................: [not queried]
2020-03-18T20:18:14:  edisp .....................: no
2020-03-18T20:18:14:  outfile ...................: /Users/adam/Project/CTA/Phys/Outputs/KESACCO/Ana_Spectrum_IC310.fits
2020-03-18T20:18:14:  method ....................: SLICE
2020-03-18T20:18:14:  ebinalg ...................: LOG
2020-03-18T20:18:14:  emin ......................: 0.05
2020-03-18T20:18:14:  emax ......................: 100
2020-03-18T20:18:14:  enumbins ..................: 20
2020-03-18T20:18:14:  ebinfile ..................: NONE
2020-03-18T20:18:14:  statistic .................: DEFAULT
2020-03-18T20:18:14:  calc_ts ...................: yes
2020-03-18T20:18:14:  calc_ulim .................: yes
2020-03-18T20:18:14:  fix_srcs ..................: yes
2020-03-18T20:18:14:  fix_bkg ...................: no
2020-03-18T20:18:14:  nthreads ..................: 0
2020-03-18T20:18:14:  publish ...................: no
2020-03-18T20:18:14:  chatter ...................: 2
2020-03-18T20:18:14:  clobber ...................: yes
2020-03-18T20:18:14:  debug .....................: no
2020-03-18T20:18:14:  mode ......................: ql
2020-03-18T20:18:14:  logfile ...................: csspec.log
2020-03-18T20:18:14: 
2020-03-18T20:18:14: WARNING: Energy dispersion will *NOT* be considered for the computation. To consider
2020-03-18T20:18:14:          energy dispersion, please set the "edisp" parameter to "yes". Be aware that
2020-03-18T20:18:14:          using energy dispersion will considerably slow down the computations.
2020-03-18T20:18:14: 
2020-03-18T20:18:14: +=================+
2020-03-18T20:18:14: | Multiprocessing |
2020-03-18T20:18:14: +=================+
2020-03-18T20:18:14:  Multiprocessing ...........: available
2020-03-18T20:18:14:  Processes available .......: 8
2020-03-18T20:18:14: 
2020-03-18T20:18:14: +=================+
2020-03-18T20:18:14: | Spectrum method |
2020-03-18T20:18:14: +=================+
2020-03-18T20:18:14:  Unbinned CTA observations .: 0
2020-03-18T20:18:14:  Binned CTA observations ...: 1
2020-03-18T20:18:14:  On/off CTA observations ...: 0
2020-03-18T20:18:14:  Other observations ........: 0
2020-03-18T20:18:14:  Selected spectrum method ..: SLICE
2020-03-18T20:18:14: 
2020-03-18T20:18:14: +===================+
2020-03-18T20:18:14: | Input observation |
2020-03-18T20:18:14: +===================+
2020-03-18T20:18:14: === GObservations ===
2020-03-18T20:18:14:  Number of observations ....: 1
2020-03-18T20:18:14:  Number of models ..........: 4
2020-03-18T20:18:14:  Number of observed events .: 1356186
2020-03-18T20:18:14:  Number of predicted events : 0
2020-03-18T20:18:14: 
2020-03-18T20:18:14: +==================+
2020-03-18T20:18:14: | Spectral binning |
2020-03-18T20:18:14: +==================+
2020-03-18T20:18:14:  Counts cube energy range ..: 50 GeV - 100 TeV
2020-03-18T20:18:14:  Bin 1 .....................: 50 GeV - 73.1175286778481 GeV
2020-03-18T20:18:14:  Bin 2 .....................: 73.1175286778481 GeV - 106.923459999119 GeV
2020-03-18T20:18:14:  Bin 3 .....................: 106.923459999119 GeV - 156.359583056406 GeV
2020-03-18T20:18:14:  Bin 4 .....................: 156.359583056406 GeV - 228.652525963663 GeV
2020-03-18T20:18:14:  Bin 5 .....................: 228.652525963663 GeV - 334.370152488211 GeV
2020-03-18T20:18:14:  Bin 6 .....................: 334.370152488211 GeV - 488.966384271464 GeV
2020-03-18T20:18:14:  Bin 7 .....................: 488.966384271464 GeV - 715.040272489449 GeV
2020-03-18T20:18:14:  Bin 8 .....................: 715.040272489449 GeV - 1.04563955259127 TeV
2020-03-18T20:18:14:  Bin 9 .....................: 1.04563955259127 TeV - 1.52909159946569 TeV
2020-03-18T20:18:14:  Bin 10 ....................: 1.52909159946569 TeV - 2.23606797749979 TeV
2020-03-18T20:18:14:  Bin 11 ....................: 2.23606797749979 TeV - 3.26991528940917 TeV
2020-03-18T20:18:14:  Bin 12 ....................: 3.26991528940917 TeV - 4.78176249895018 TeV
2020-03-18T20:18:14:  Bin 13 ....................: 4.78176249895018 TeV - 6.99261313295298 TeV
2020-03-18T20:18:14:  Bin 14 ....................: 6.99261313295298 TeV - 10.2256518256357 TeV
2020-03-18T20:18:14:  Bin 15 ....................: 10.2256518256357 TeV - 14.9534878122122 TeV
2020-03-18T20:18:14:  Bin 16 ....................: 14.9534878122122 TeV - 21.8672414788656 TeV
2020-03-18T20:18:14:  Bin 17 ....................: 21.8672414788656 TeV - 31.9775731187276 TeV
2020-03-18T20:18:14:  Bin 18 ....................: 31.9775731187276 TeV - 46.7624223911311 TeV
2020-03-18T20:18:14:  Bin 19 ....................: 46.7624223911311 TeV - 68.3830552045833 TeV
2020-03-18T20:18:14:  Bin 20 ....................: 68.3830552045833 TeV - 100 TeV
2020-03-18T20:18:14: 
2020-03-18T20:18:14: +=========================+
2020-03-18T20:18:14: | Adjust model parameters |
2020-03-18T20:18:14: +=========================+
2020-03-18T20:18:14: 
2020-03-18T20:18:14: +===================+
2020-03-18T20:18:14: | Generate spectrum |
2020-03-18T20:18:14: +===================+
2020-03-18T20:18:14: === GEbounds ===
2020-03-18T20:18:14:  Number of intervals .......: 20
2020-03-18T20:18:14:  Energy range ..............: 50 GeV - 100 TeV
2020-03-18T20:22:55:  Bin 1 .....................: 1.967646e-12 +/- 0.000000e+00 [< 4.395166e-12] erg/cm2/s (TS = 15.926)
2020-03-18T20:22:55:  Bin 2 .....................: 4.404674e-12 +/- 0.000000e+00 [< 9.610722e-12] erg/cm2/s (TS = 68.377)
2020-03-18T20:22:55:  Bin 3 .....................: 5.944596e-12 +/- 4.057574e-13 [< 1.439054e-11] erg/cm2/s (TS = 310.406)
2020-03-18T20:22:55:  Bin 4 .....................: 6.451625e-12 +/- 3.412064e-13 [< 1.814959e-11] erg/cm2/s (TS = 687.781)
2020-03-18T20:22:55:  Bin 5 .....................: 6.769636e-12 +/- 3.278835e-13 [< 2.234676e-11] erg/cm2/s (TS = 1090.396)
2020-03-18T20:22:55:  Bin 6 .....................: 6.044279e-12 +/- 3.137721e-13 [< 2.299547e-11] erg/cm2/s (TS = 1202.949)
2020-03-18T20:22:55:  Bin 7 .....................: 6.216395e-12 +/- 3.327726e-13 [< 2.771257e-11] erg/cm2/s (TS = 1457.833)
2020-03-18T20:22:55:  Bin 8 .....................: 6.414305e-12 +/- 3.642420e-13 [< 3.260328e-11] erg/cm2/s (TS = 1585.220)
2020-03-18T20:22:55:  Bin 9 .....................: 6.697354e-12 +/- 4.111489e-13 [< 3.744100e-11] erg/cm2/s (TS = 1569.586)
2020-03-18T20:22:55:  Bin 10 ....................: 7.138967e-12 +/- 4.743626e-13 [< 4.471492e-11] erg/cm2/s (TS = 1581.599)
2020-03-18T20:22:55:  Bin 11 ....................: 5.670289e-12 +/- 4.732247e-13 [< 3.657864e-11] erg/cm2/s (TS = 1045.589)
2020-03-18T20:22:55:  Bin 12 ....................: 6.450221e-12 +/- 5.792569e-13 [< 4.478217e-11] erg/cm2/s (TS = 1002.766)
2020-03-18T20:22:55:  Bin 13 ....................: 6.742558e-12 +/- 6.983673e-13 [< 4.997224e-11] erg/cm2/s (TS = 823.578)
2020-03-18T20:22:55:  Bin 14 ....................: 5.987996e-12 +/- 7.731391e-13 [< 4.476257e-11] erg/cm2/s (TS = 537.198)
2020-03-18T20:22:55:  Bin 15 ....................: 6.293637e-12 +/- 9.325814e-13 [< 4.929682e-11] erg/cm2/s (TS = 432.664)
2020-03-18T20:22:55:  Bin 16 ....................: 7.845597e-12 +/- 1.255122e-12 [< 5.990717e-11] erg/cm2/s (TS = 359.016)
2020-03-18T20:22:55:  Bin 17 ....................: 7.719383e-12 +/- 1.494401e-12 [< 6.481286e-11] erg/cm2/s (TS = 278.549)
2020-03-18T20:22:55:  Bin 18 ....................: 1.111664e-11 +/- 2.273336e-12 [< 1.028962e-10] erg/cm2/s (TS = 284.980)
2020-03-18T20:22:55:  Bin 19 ....................: 8.105500e-12 +/- 2.341692e-12 [< 7.754448e-11] erg/cm2/s (TS = 147.420)
2020-03-18T20:22:55:  Bin 20 ....................: 5.904150e-12 +/- 2.232321e-12 [< 6.241361e-11] erg/cm2/s (TS = 97.099)
2020-03-18T20:22:55: 
2020-03-18T20:22:55: +===============+
2020-03-18T20:22:55: | Save spectrum |
2020-03-18T20:22:55: +===============+
2020-03-18T20:22:55:  Spectrum file .............: /Users/adam/Project/CTA/Phys/Outputs/KESACCO/Ana_Spectrum_IC310.fits
2020-03-18T20:22:56: 
2020-03-18T20:22:56: Application "csspec" terminated after 292 wall clock seconds, consuming 12.0921 seconds of CPU time.
